<?xml version="1.0" encoding="UTF-8"?>
<testsuite xmlns:xsi="http://www.w3.org/2001/XMLSchema-instance" xsi:noNamespaceSchemaLocation="https://maven.apache.org/surefire/maven-surefire-plugin/xsd/surefire-test-report.xsd" version="3.0.2" name="Testrunner.Testrunner" time="137.308" tests="7" errors="0" skipped="0" failures="0">
  <properties>
    <property name="java.specification.version" value="22"/>
    <property name="sun.cpu.isalist" value="amd64"/>
    <property name="sun.jnu.encoding" value="Cp1252"/>
    <property name="java.class.path" value="C:\eclipse-workspace\CucumberProject\target\test-classes;C:\eclipse-workspace\CucumberProject\target\classes;C:\Users\Karan Soni\.m2\repository\io\cucumber\cucumber-testng\7.18.1\cucumber-testng-7.18.1.jar;C:\Users\Karan Soni\.m2\repository\org\apiguardian\apiguardian-api\1.1.2\apiguardian-api-1.1.2.jar;C:\Users\Karan Soni\.m2\repository\io\cucumber\cucumber-core\7.18.1\cucumber-core-7.18.1.jar;C:\Users\Karan Soni\.m2\repository\io\cucumber\cucumber-gherkin\7.18.1\cucumber-gherkin-7.18.1.jar;C:\Users\Karan Soni\.m2\repository\io\cucumber\cucumber-gherkin-messages\7.18.1\cucumber-gherkin-messages-7.18.1.jar;C:\Users\Karan Soni\.m2\repository\io\cucumber\gherkin\28.0.0\gherkin-28.0.0.jar;C:\Users\Karan Soni\.m2\repository\io\cucumber\messages\24.1.0\messages-24.1.0.jar;C:\Users\Karan Soni\.m2\repository\io\cucumber\testng-xml-formatter\0.2.0\testng-xml-formatter-0.2.0.jar;C:\Users\Karan Soni\.m2\repository\io\cucumber\query\12.2.0\query-12.2.0.jar;C:\Users\Karan Soni\.m2\repository\io\cucumber\tag-expressions\6.1.0\tag-expressions-6.1.0.jar;C:\Users\Karan Soni\.m2\repository\io\cucumber\cucumber-expressions\17.1.0\cucumber-expressions-17.1.0.jar;C:\Users\Karan Soni\.m2\repository\io\cucumber\datatable\7.18.1\datatable-7.18.1.jar;C:\Users\Karan Soni\.m2\repository\io\cucumber\cucumber-plugin\7.18.1\cucumber-plugin-7.18.1.jar;C:\Users\Karan Soni\.m2\repository\io\cucumber\docstring\7.18.1\docstring-7.18.1.jar;C:\Users\Karan Soni\.m2\repository\io\cucumber\html-formatter\21.4.1\html-formatter-21.4.1.jar;C:\Users\Karan Soni\.m2\repository\io\cucumber\junit-xml-formatter\0.5.0\junit-xml-formatter-0.5.0.jar;C:\Users\Karan Soni\.m2\repository\io\cucumber\ci-environment\10.0.1\ci-environment-10.0.1.jar;C:\Users\Karan Soni\.m2\repository\org\testng\testng\7.10.2\testng-7.10.2.jar;C:\Users\Karan Soni\.m2\repository\org\slf4j\slf4j-api\1.7.36\slf4j-api-1.7.36.jar;C:\Users\Karan Soni\.m2\repository\com\beust\jcommander\1.82\jcommander-1.82.jar;C:\Users\Karan Soni\.m2\repository\org\webjars\jquery\3.7.1\jquery-3.7.1.jar;C:\Users\Karan Soni\.m2\repository\commons-io\commons-io\2.16.1\commons-io-2.16.1.jar;C:\Users\Karan Soni\.m2\repository\io\cucumber\cucumber-java\7.18.1\cucumber-java-7.18.1.jar;C:\Users\Karan Soni\.m2\repository\org\seleniumhq\selenium\selenium-java\4.23.0\selenium-java-4.23.0.jar;C:\Users\Karan Soni\.m2\repository\org\seleniumhq\selenium\selenium-api\4.23.0\selenium-api-4.23.0.jar;C:\Users\Karan Soni\.m2\repository\org\seleniumhq\selenium\selenium-chrome-driver\4.23.0\selenium-chrome-driver-4.23.0.jar;C:\Users\Karan Soni\.m2\repository\com\google\auto\service\auto-service-annotations\1.1.1\auto-service-annotations-1.1.1.jar;C:\Users\Karan Soni\.m2\repository\org\seleniumhq\selenium\selenium-chromium-driver\4.23.0\selenium-chromium-driver-4.23.0.jar;C:\Users\Karan Soni\.m2\repository\org\seleniumhq\selenium\selenium-json\4.23.0\selenium-json-4.23.0.jar;C:\Users\Karan Soni\.m2\repository\org\seleniumhq\selenium\selenium-manager\4.23.0\selenium-manager-4.23.0.jar;C:\Users\Karan Soni\.m2\repository\org\seleniumhq\selenium\selenium-devtools-v125\4.23.0\selenium-devtools-v125-4.23.0.jar;C:\Users\Karan Soni\.m2\repository\org\seleniumhq\selenium\selenium-devtools-v126\4.23.0\selenium-devtools-v126-4.23.0.jar;C:\Users\Karan Soni\.m2\repository\org\seleniumhq\selenium\selenium-devtools-v127\4.23.0\selenium-devtools-v127-4.23.0.jar;C:\Users\Karan Soni\.m2\repository\org\seleniumhq\selenium\selenium-devtools-v85\4.23.0\selenium-devtools-v85-4.23.0.jar;C:\Users\Karan Soni\.m2\repository\org\seleniumhq\selenium\selenium-edge-driver\4.23.0\selenium-edge-driver-4.23.0.jar;C:\Users\Karan Soni\.m2\repository\org\seleniumhq\selenium\selenium-firefox-driver\4.23.0\selenium-firefox-driver-4.23.0.jar;C:\Users\Karan Soni\.m2\repository\org\seleniumhq\selenium\selenium-http\4.23.0\selenium-http-4.23.0.jar;C:\Users\Karan Soni\.m2\repository\dev\failsafe\failsafe\3.3.2\failsafe-3.3.2.jar;C:\Users\Karan Soni\.m2\repository\org\seleniumhq\selenium\selenium-ie-driver\4.23.0\selenium-ie-driver-4.23.0.jar;C:\Users\Karan Soni\.m2\repository\org\seleniumhq\selenium\selenium-remote-driver\4.23.0\selenium-remote-driver-4.23.0.jar;C:\Users\Karan Soni\.m2\repository\com\google\guava\guava\33.2.1-jre\guava-33.2.1-jre.jar;C:\Users\Karan Soni\.m2\repository\com\google\guava\failureaccess\1.0.2\failureaccess-1.0.2.jar;C:\Users\Karan Soni\.m2\repository\com\google\guava\listenablefuture\9999.0-empty-to-avoid-conflict-with-guava\listenablefuture-9999.0-empty-to-avoid-conflict-with-guava.jar;C:\Users\Karan Soni\.m2\repository\com\google\code\findbugs\jsr305\3.0.2\jsr305-3.0.2.jar;C:\Users\Karan Soni\.m2\repository\org\checkerframework\checker-qual\3.42.0\checker-qual-3.42.0.jar;C:\Users\Karan Soni\.m2\repository\com\google\errorprone\error_prone_annotations\2.26.1\error_prone_annotations-2.26.1.jar;C:\Users\Karan Soni\.m2\repository\com\google\j2objc\j2objc-annotations\3.0.0\j2objc-annotations-3.0.0.jar;C:\Users\Karan Soni\.m2\repository\io\opentelemetry\semconv\opentelemetry-semconv\1.25.0-alpha\opentelemetry-semconv-1.25.0-alpha.jar;C:\Users\Karan Soni\.m2\repository\io\opentelemetry\opentelemetry-api\1.40.0\opentelemetry-api-1.40.0.jar;C:\Users\Karan Soni\.m2\repository\io\opentelemetry\opentelemetry-context\1.40.0\opentelemetry-context-1.40.0.jar;C:\Users\Karan Soni\.m2\repository\io\opentelemetry\opentelemetry-exporter-logging\1.40.0\opentelemetry-exporter-logging-1.40.0.jar;C:\Users\Karan Soni\.m2\repository\io\opentelemetry\opentelemetry-sdk-common\1.40.0\opentelemetry-sdk-common-1.40.0.jar;C:\Users\Karan Soni\.m2\repository\io\opentelemetry\opentelemetry-sdk-extension-autoconfigure-spi\1.40.0\opentelemetry-sdk-extension-autoconfigure-spi-1.40.0.jar;C:\Users\Karan Soni\.m2\repository\io\opentelemetry\opentelemetry-sdk-extension-autoconfigure\1.40.0\opentelemetry-sdk-extension-autoconfigure-1.40.0.jar;C:\Users\Karan Soni\.m2\repository\io\opentelemetry\opentelemetry-api-incubator\1.40.0-alpha\opentelemetry-api-incubator-1.40.0-alpha.jar;C:\Users\Karan Soni\.m2\repository\io\opentelemetry\opentelemetry-sdk-trace\1.40.0\opentelemetry-sdk-trace-1.40.0.jar;C:\Users\Karan Soni\.m2\repository\io\opentelemetry\opentelemetry-sdk\1.40.0\opentelemetry-sdk-1.40.0.jar;C:\Users\Karan Soni\.m2\repository\io\opentelemetry\opentelemetry-sdk-metrics\1.40.0\opentelemetry-sdk-metrics-1.40.0.jar;C:\Users\Karan Soni\.m2\repository\io\opentelemetry\opentelemetry-sdk-logs\1.40.0\opentelemetry-sdk-logs-1.40.0.jar;C:\Users\Karan Soni\.m2\repository\net\bytebuddy\byte-buddy\1.14.18\byte-buddy-1.14.18.jar;C:\Users\Karan Soni\.m2\repository\org\seleniumhq\selenium\selenium-os\4.23.0\selenium-os-4.23.0.jar;C:\Users\Karan Soni\.m2\repository\org\apache\commons\commons-exec\1.4.0\commons-exec-1.4.0.jar;C:\Users\Karan Soni\.m2\repository\org\seleniumhq\selenium\selenium-safari-driver\4.23.0\selenium-safari-driver-4.23.0.jar;C:\Users\Karan Soni\.m2\repository\org\seleniumhq\selenium\selenium-support\4.23.0\selenium-support-4.23.0.jar;C:\Users\Karan Soni\.m2\repository\com\relevantcodes\extentreports\2.41.2\extentreports-2.41.2.jar;C:\Users\Karan Soni\.m2\repository\org\jsoup\jsoup\1.8.3\jsoup-1.8.3.jar;C:\Users\Karan Soni\.m2\repository\org\xerial\sqlite-jdbc\3.8.11.1\sqlite-jdbc-3.8.11.1.jar;C:\Users\Karan Soni\.m2\repository\org\freemarker\freemarker\2.3.23\freemarker-2.3.23.jar;C:\Users\Karan Soni\.m2\repository\org\mongodb\mongodb-driver\3.0.4\mongodb-driver-3.0.4.jar;C:\Users\Karan Soni\.m2\repository\org\mongodb\bson\3.0.4\bson-3.0.4.jar;C:\Users\Karan Soni\.m2\repository\org\mongodb\mongodb-driver-core\3.0.4\mongodb-driver-core-3.0.4.jar;"/>
    <property name="java.vm.vendor" value="Oracle Corporation"/>
    <property name="sun.arch.data.model" value="64"/>
    <property name="user.variant" value=""/>
    <property name="java.vendor.url" value="https://java.oracle.com/"/>
    <property name="user.timezone" value="Asia/Calcutta"/>
    <property name="os.name" value="Windows 11"/>
    <property name="java.vm.specification.version" value="22"/>
    <property name="sun.java.launcher" value="SUN_STANDARD"/>
    <property name="user.country" value="IN"/>
    <property name="sun.boot.library.path" value="C:\Program Files\Java\jdk-22\bin"/>
    <property name="sun.java.command" value="C:\Users\Karan Soni\AppData\Local\Temp\surefire6402742904323329824\surefirebooter-20240830220944171_3.jar C:\Users\Karan Soni\AppData\Local\Temp\surefire6402742904323329824 2024-08-30T22-09-43_988-jvmRun1 surefire-20240830220944171_1tmp surefire_0-20240830220944171_2tmp"/>
    <property name="jdk.debug" value="release"/>
    <property name="surefire.test.class.path" value="C:\eclipse-workspace\CucumberProject\target\test-classes;C:\eclipse-workspace\CucumberProject\target\classes;C:\Users\Karan Soni\.m2\repository\io\cucumber\cucumber-testng\7.18.1\cucumber-testng-7.18.1.jar;C:\Users\Karan Soni\.m2\repository\org\apiguardian\apiguardian-api\1.1.2\apiguardian-api-1.1.2.jar;C:\Users\Karan Soni\.m2\repository\io\cucumber\cucumber-core\7.18.1\cucumber-core-7.18.1.jar;C:\Users\Karan Soni\.m2\repository\io\cucumber\cucumber-gherkin\7.18.1\cucumber-gherkin-7.18.1.jar;C:\Users\Karan Soni\.m2\repository\io\cucumber\cucumber-gherkin-messages\7.18.1\cucumber-gherkin-messages-7.18.1.jar;C:\Users\Karan Soni\.m2\repository\io\cucumber\gherkin\28.0.0\gherkin-28.0.0.jar;C:\Users\Karan Soni\.m2\repository\io\cucumber\messages\24.1.0\messages-24.1.0.jar;C:\Users\Karan Soni\.m2\repository\io\cucumber\testng-xml-formatter\0.2.0\testng-xml-formatter-0.2.0.jar;C:\Users\Karan Soni\.m2\repository\io\cucumber\query\12.2.0\query-12.2.0.jar;C:\Users\Karan Soni\.m2\repository\io\cucumber\tag-expressions\6.1.0\tag-expressions-6.1.0.jar;C:\Users\Karan Soni\.m2\repository\io\cucumber\cucumber-expressions\17.1.0\cucumber-expressions-17.1.0.jar;C:\Users\Karan Soni\.m2\repository\io\cucumber\datatable\7.18.1\datatable-7.18.1.jar;C:\Users\Karan Soni\.m2\repository\io\cucumber\cucumber-plugin\7.18.1\cucumber-plugin-7.18.1.jar;C:\Users\Karan Soni\.m2\repository\io\cucumber\docstring\7.18.1\docstring-7.18.1.jar;C:\Users\Karan Soni\.m2\repository\io\cucumber\html-formatter\21.4.1\html-formatter-21.4.1.jar;C:\Users\Karan Soni\.m2\repository\io\cucumber\junit-xml-formatter\0.5.0\junit-xml-formatter-0.5.0.jar;C:\Users\Karan Soni\.m2\repository\io\cucumber\ci-environment\10.0.1\ci-environment-10.0.1.jar;C:\Users\Karan Soni\.m2\repository\org\testng\testng\7.10.2\testng-7.10.2.jar;C:\Users\Karan Soni\.m2\repository\org\slf4j\slf4j-api\1.7.36\slf4j-api-1.7.36.jar;C:\Users\Karan Soni\.m2\repository\com\beust\jcommander\1.82\jcommander-1.82.jar;C:\Users\Karan Soni\.m2\repository\org\webjars\jquery\3.7.1\jquery-3.7.1.jar;C:\Users\Karan Soni\.m2\repository\commons-io\commons-io\2.16.1\commons-io-2.16.1.jar;C:\Users\Karan Soni\.m2\repository\io\cucumber\cucumber-java\7.18.1\cucumber-java-7.18.1.jar;C:\Users\Karan Soni\.m2\repository\org\seleniumhq\selenium\selenium-java\4.23.0\selenium-java-4.23.0.jar;C:\Users\Karan Soni\.m2\repository\org\seleniumhq\selenium\selenium-api\4.23.0\selenium-api-4.23.0.jar;C:\Users\Karan Soni\.m2\repository\org\seleniumhq\selenium\selenium-chrome-driver\4.23.0\selenium-chrome-driver-4.23.0.jar;C:\Users\Karan Soni\.m2\repository\com\google\auto\service\auto-service-annotations\1.1.1\auto-service-annotations-1.1.1.jar;C:\Users\Karan Soni\.m2\repository\org\seleniumhq\selenium\selenium-chromium-driver\4.23.0\selenium-chromium-driver-4.23.0.jar;C:\Users\Karan Soni\.m2\repository\org\seleniumhq\selenium\selenium-json\4.23.0\selenium-json-4.23.0.jar;C:\Users\Karan Soni\.m2\repository\org\seleniumhq\selenium\selenium-manager\4.23.0\selenium-manager-4.23.0.jar;C:\Users\Karan Soni\.m2\repository\org\seleniumhq\selenium\selenium-devtools-v125\4.23.0\selenium-devtools-v125-4.23.0.jar;C:\Users\Karan Soni\.m2\repository\org\seleniumhq\selenium\selenium-devtools-v126\4.23.0\selenium-devtools-v126-4.23.0.jar;C:\Users\Karan Soni\.m2\repository\org\seleniumhq\selenium\selenium-devtools-v127\4.23.0\selenium-devtools-v127-4.23.0.jar;C:\Users\Karan Soni\.m2\repository\org\seleniumhq\selenium\selenium-devtools-v85\4.23.0\selenium-devtools-v85-4.23.0.jar;C:\Users\Karan Soni\.m2\repository\org\seleniumhq\selenium\selenium-edge-driver\4.23.0\selenium-edge-driver-4.23.0.jar;C:\Users\Karan Soni\.m2\repository\org\seleniumhq\selenium\selenium-firefox-driver\4.23.0\selenium-firefox-driver-4.23.0.jar;C:\Users\Karan Soni\.m2\repository\org\seleniumhq\selenium\selenium-http\4.23.0\selenium-http-4.23.0.jar;C:\Users\Karan Soni\.m2\repository\dev\failsafe\failsafe\3.3.2\failsafe-3.3.2.jar;C:\Users\Karan Soni\.m2\repository\org\seleniumhq\selenium\selenium-ie-driver\4.23.0\selenium-ie-driver-4.23.0.jar;C:\Users\Karan Soni\.m2\repository\org\seleniumhq\selenium\selenium-remote-driver\4.23.0\selenium-remote-driver-4.23.0.jar;C:\Users\Karan Soni\.m2\repository\com\google\guava\guava\33.2.1-jre\guava-33.2.1-jre.jar;C:\Users\Karan Soni\.m2\repository\com\google\guava\failureaccess\1.0.2\failureaccess-1.0.2.jar;C:\Users\Karan Soni\.m2\repository\com\google\guava\listenablefuture\9999.0-empty-to-avoid-conflict-with-guava\listenablefuture-9999.0-empty-to-avoid-conflict-with-guava.jar;C:\Users\Karan Soni\.m2\repository\com\google\code\findbugs\jsr305\3.0.2\jsr305-3.0.2.jar;C:\Users\Karan Soni\.m2\repository\org\checkerframework\checker-qual\3.42.0\checker-qual-3.42.0.jar;C:\Users\Karan Soni\.m2\repository\com\google\errorprone\error_prone_annotations\2.26.1\error_prone_annotations-2.26.1.jar;C:\Users\Karan Soni\.m2\repository\com\google\j2objc\j2objc-annotations\3.0.0\j2objc-annotations-3.0.0.jar;C:\Users\Karan Soni\.m2\repository\io\opentelemetry\semconv\opentelemetry-semconv\1.25.0-alpha\opentelemetry-semconv-1.25.0-alpha.jar;C:\Users\Karan Soni\.m2\repository\io\opentelemetry\opentelemetry-api\1.40.0\opentelemetry-api-1.40.0.jar;C:\Users\Karan Soni\.m2\repository\io\opentelemetry\opentelemetry-context\1.40.0\opentelemetry-context-1.40.0.jar;C:\Users\Karan Soni\.m2\repository\io\opentelemetry\opentelemetry-exporter-logging\1.40.0\opentelemetry-exporter-logging-1.40.0.jar;C:\Users\Karan Soni\.m2\repository\io\opentelemetry\opentelemetry-sdk-common\1.40.0\opentelemetry-sdk-common-1.40.0.jar;C:\Users\Karan Soni\.m2\repository\io\opentelemetry\opentelemetry-sdk-extension-autoconfigure-spi\1.40.0\opentelemetry-sdk-extension-autoconfigure-spi-1.40.0.jar;C:\Users\Karan Soni\.m2\repository\io\opentelemetry\opentelemetry-sdk-extension-autoconfigure\1.40.0\opentelemetry-sdk-extension-autoconfigure-1.40.0.jar;C:\Users\Karan Soni\.m2\repository\io\opentelemetry\opentelemetry-api-incubator\1.40.0-alpha\opentelemetry-api-incubator-1.40.0-alpha.jar;C:\Users\Karan Soni\.m2\repository\io\opentelemetry\opentelemetry-sdk-trace\1.40.0\opentelemetry-sdk-trace-1.40.0.jar;C:\Users\Karan Soni\.m2\repository\io\opentelemetry\opentelemetry-sdk\1.40.0\opentelemetry-sdk-1.40.0.jar;C:\Users\Karan Soni\.m2\repository\io\opentelemetry\opentelemetry-sdk-metrics\1.40.0\opentelemetry-sdk-metrics-1.40.0.jar;C:\Users\Karan Soni\.m2\repository\io\opentelemetry\opentelemetry-sdk-logs\1.40.0\opentelemetry-sdk-logs-1.40.0.jar;C:\Users\Karan Soni\.m2\repository\net\bytebuddy\byte-buddy\1.14.18\byte-buddy-1.14.18.jar;C:\Users\Karan Soni\.m2\repository\org\seleniumhq\selenium\selenium-os\4.23.0\selenium-os-4.23.0.jar;C:\Users\Karan Soni\.m2\repository\org\apache\commons\commons-exec\1.4.0\commons-exec-1.4.0.jar;C:\Users\Karan Soni\.m2\repository\org\seleniumhq\selenium\selenium-safari-driver\4.23.0\selenium-safari-driver-4.23.0.jar;C:\Users\Karan Soni\.m2\repository\org\seleniumhq\selenium\selenium-support\4.23.0\selenium-support-4.23.0.jar;C:\Users\Karan Soni\.m2\repository\com\relevantcodes\extentreports\2.41.2\extentreports-2.41.2.jar;C:\Users\Karan Soni\.m2\repository\org\jsoup\jsoup\1.8.3\jsoup-1.8.3.jar;C:\Users\Karan Soni\.m2\repository\org\xerial\sqlite-jdbc\3.8.11.1\sqlite-jdbc-3.8.11.1.jar;C:\Users\Karan Soni\.m2\repository\org\freemarker\freemarker\2.3.23\freemarker-2.3.23.jar;C:\Users\Karan Soni\.m2\repository\org\mongodb\mongodb-driver\3.0.4\mongodb-driver-3.0.4.jar;C:\Users\Karan Soni\.m2\repository\org\mongodb\bson\3.0.4\bson-3.0.4.jar;C:\Users\Karan Soni\.m2\repository\org\mongodb\mongodb-driver-core\3.0.4\mongodb-driver-core-3.0.4.jar;"/>
    <property name="sun.cpu.endian" value="little"/>
    <property name="user.home" value="C:\Users\Karan Soni"/>
    <property name="user.language" value="en"/>
    <property name="java.specification.vendor" value="Oracle Corporation"/>
    <property name="java.version.date" value="2024-07-16"/>
    <property name="java.home" value="C:\Program Files\Java\jdk-22"/>
    <property name="file.separator" value="\"/>
    <property name="basedir" value="C:\eclipse-workspace\CucumberProject"/>
    <property name="java.vm.compressedOopsMode" value="32-bit"/>
    <property name="line.separator" value="&#10;"/>
    <property name="java.vm.specification.vendor" value="Oracle Corporation"/>
    <property name="java.specification.name" value="Java Platform API Specification"/>
    <property name="surefire.real.class.path" value="C:\Users\Karan Soni\AppData\Local\Temp\surefire6402742904323329824\surefirebooter-20240830220944171_3.jar"/>
    <property name="user.script" value=""/>
    <property name="sun.management.compiler" value="HotSpot 64-Bit Tiered Compilers"/>
    <property name="java.runtime.version" value="22.0.2+9-70"/>
    <property name="user.name" value="Karan Soni"/>
    <property name="stdout.encoding" value="Cp1252"/>
    <property name="path.separator" value=";"/>
    <property name="os.version" value="10.0"/>
    <property name="java.runtime.name" value="Java(TM) SE Runtime Environment"/>
    <property name="file.encoding" value="UTF-8"/>
    <property name="java.vm.name" value="Java HotSpot(TM) 64-Bit Server VM"/>
    <property name="localRepository" value="C:\Users\Karan Soni\.m2\repository"/>
    <property name="java.vendor.url.bug" value="https://bugreport.java.com/bugreport/"/>
    <property name="java.io.tmpdir" value="C:\Users\KARANS~1\AppData\Local\Temp\"/>
    <property name="java.version" value="22.0.2"/>
    <property name="user.dir" value="C:\eclipse-workspace\CucumberProject"/>
    <property name="os.arch" value="amd64"/>
    <property name="java.vm.specification.name" value="Java Virtual Machine Specification"/>
    <property name="sun.os.patch.level" value=""/>
    <property name="native.encoding" value="Cp1252"/>
    <property name="java.library.path" value="C:\Program Files\Java\jdk-22\bin;C:\Windows\Sun\Java\bin;C:\Windows\system32;C:\Windows;C:\Program Files\Common Files\Oracle\Java\javapath;C:\Windows\system32;C:\Windows;C:\Windows\System32\Wbem;C:\Windows\System32\WindowsPowerShell\v1.0\;C:\Windows\System32\OpenSSH\;C:\Program Files\Java\jdk-22\bin;C:\Program Files\NVIDIA Corporation\NVIDIA NvDLISR;C:\Program Files (x86)\NVIDIA Corporation\PhysX\Common;C:\Users\Karan Soni\Downloads\apache-maven-3.9.8-bin\apache-maven-3.9.8\bin;C:\Program Files\Git\cmd;C:\Users\Karan Soni\AppData\Local\Microsoft\WindowsApps;C:\Users\Karan Soni\AppData\Local\Programs\Microsoft VS Code\bin;."/>
    <property name="java.vm.info" value="mixed mode, sharing"/>
    <property name="stderr.encoding" value="Cp1252"/>
    <property name="java.vendor" value="Oracle Corporation"/>
    <property name="java.vm.version" value="22.0.2+9-70"/>
    <property name="sun.io.unicode.encoding" value="UnicodeLittle"/>
    <property name="java.class.version" value="66.0"/>
  </properties>
  <testcase name="runScenario[&quot;Browse and purchase from Electronics Accessories&quot;, &quot;Electronicspage&quot;](1)" classname="Testrunner.Testrunner" time="24.819">
    <system-out><![CDATA[
@tag @tag1
Scenario: Browse and purchase from Electronics Accessories         &amp#27;[90m# src/test/resources/ElectronicsAccessories.feature:6&amp#27;[0m
  &amp#27;[32mGiven &amp#27;[0m&amp#27;[32mOpen the url and navigate to the Consumer Electronics page&amp#27;[0m &amp#27;[90m# Steps.Electronicsacessories.Open_the_url_and_navigate_to_the_Consumer_electronics_page()&amp#27;[0m
  &amp#27;[32mWhen &amp#27;[0m&amp#27;[32mI click on Electronics Accessories&amp#27;[0m                          &amp#27;[90m# Steps.Electronicsacessories.i_click_on_electronics_accessories()&amp#27;[0m
  &amp#27;[32mAnd &amp#27;[0m&amp#27;[32mI apply the following filters:&amp#27;[0m                               &amp#27;[90m# Steps.Electronicsacessories.i_apply_the_following_filters(io.cucumber.datatable.DataTable)&amp#27;[0m
    | Cash on Delivery     |
    | Exclude out of stock |
    | Free shipping        |
  &amp#27;[32mAnd &amp#27;[0m&amp#27;[32mI select Casio brand&amp#27;[0m                                         &amp#27;[90m# Steps.Electronicsacessories.i_select_casio_brand()&amp#27;[0m
  &amp#27;[32mAnd &amp#27;[0m&amp#27;[32mI select a price range&amp#27;[0m                                       &amp#27;[90m# Steps.Electronicsacessories.i_select_a_price_range()&amp#27;[0m
  &amp#27;[32mAnd &amp#27;[0m&amp#27;[32mI click on the second product&amp#27;[0m                                &amp#27;[90m# Steps.Electronicsacessories.i_click_on_the_second_product()&amp#27;[0m
  &amp#27;[32mThen &amp#27;[0m&amp#27;[32mI should be able to add the product to cart&amp#27;[0m                 &amp#27;[90m# Steps.Electronicsacessories.i_should_be_able_to_add_the_product_to_cart()&amp#27;[0m
  &amp#27;[32mAnd &amp#27;[0m&amp#27;[32mI should be able to proceed to checkout&amp#27;[0m                      &amp#27;[90m# Steps.Electronicsacessories.i_should_be_able_to_proceed_to_checkout()&amp#27;[0m
  &amp#27;[32mAnd &amp#27;[0m&amp#27;[32mI should be able to navigate back to homepage&amp#27;[0m                &amp#27;[90m# Steps.Electronicsacessories.i_should_be_able_to_navigate_back_to_homepage()&amp#27;[0m
]]></system-out>
    <system-err><![CDATA[SLF4J: Failed to load class "org.slf4j.impl.StaticLoggerBinder".
SLF4J: Defaulting to no-operation (NOP) logger implementation
SLF4J: See http://www.slf4j.org/codes.html#StaticLoggerBinder for further details.
Aug 30, 2024 10:09:47 PM org.openqa.selenium.devtools.CdpVersionFinder findNearestMatch
WARNING: Unable to find an exact match for CDP version 128, returning the closest version; found: 127; Please update to a Selenium version that supports CDP version 128
]]></system-err>
  </testcase>
  <testcase name="runScenario[&quot;Purchase Home Entertainment Product&quot;, &quot;HomeEntertainmentPage&quot;](2)" classname="Testrunner.Testrunner" time="32.723">
    <system-out><![CDATA[
Scenario: Purchase Home Entertainment Product                  &amp#27;[90m# src/test/resources/HomeEntertainment.feature:5&amp#27;[0m
  &amp#27;[32mGiven &amp#27;[0m&amp#27;[32mconsumer electronics page&amp#27;[0m                              &amp#27;[90m# Steps.HomeEntertainment.i_am_on_the_consumer_electronics_page()&amp#27;[0m
  &amp#27;[32mWhen &amp#27;[0m&amp#27;[32mclick on Home Entertainment&amp#27;[0m                             &amp#27;[90m# Steps.HomeEntertainment.click_on_home_entertainment()&amp#27;[0m
  &amp#27;[32mWhen &amp#27;[0m&amp#27;[32mclick on Home Speakers&amp#27;[0m                                  &amp#27;[90m# Steps.HomeEntertainment.click_on_home_speakers()&amp#27;[0m
  &amp#27;[32mWhen &amp#27;[0m&amp#27;[32menter pincode&amp#27;[0m                                           &amp#27;[90m# Steps.HomeEntertainment.enter_pincode()&amp#27;[0m
  &amp#27;[32mWhen &amp#27;[0m&amp#27;[32mclick Set button&amp#27;[0m                                        &amp#27;[90m# Steps.HomeEntertainment.click_set_button()&amp#27;[0m
  &amp#27;[32mWhen &amp#27;[0m&amp#27;[32mselect branded item&amp#27;[0m                                     &amp#27;[90m# Steps.HomeEntertainment.select_branded_item()&amp#27;[0m
  &amp#27;[32mWhen &amp#27;[0m&amp#27;[32mselect discount range&amp#27;[0m                                   &amp#27;[90m# Steps.HomeEntertainment.i_select_a_discount_range()&amp#27;[0m
  &amp#27;[32mWhen &amp#27;[0m&amp#27;[32mselect product type&amp#27;[0m                                     &amp#27;[90m# Steps.HomeEntertainment.i_select_a_product_type()&amp#27;[0m
  &amp#27;[32mWhen &amp#27;[0m&amp#27;[32mI select the Blue color option&amp#27;[0m                          &amp#27;[90m# Steps.HomeEntertainment.i_select_the_blue_color_option()&amp#27;[0m
  &amp#27;[32mWhen &amp#27;[0m&amp#27;[32mI add the product to cart and proceed back to home page&amp#27;[0m &amp#27;[90m# Steps.HomeEntertainment.i_add_the_product_to_cart_and_proceed_back_to_home_page()&amp#27;[0m
]]></system-out>
  </testcase>
  <testcase name="runScenario[&quot;Navigate to Consumer Electronics&quot;, &quot;Homepage Test:&quot;](3)" classname="Testrunner.Testrunner" time="2.332">
    <system-out><![CDATA[
@tag @tag1 @homepage
Scenario: Navigate to Consumer Electronics &amp#27;[90m# src/test/resources/Homepage.feature:6&amp#27;[0m
  &amp#27;[32mGiven &amp#27;[0m&amp#27;[32mI am on the Naaptol homepage&amp#27;[0m       &amp#27;[90m# Steps.Homepagetest.i_am_on_the_naaptol_homepage()&amp#27;[0m
  &amp#27;[32mWhen &amp#27;[0m&amp#27;[32mI click on the Shopping category&amp#27;[0m    &amp#27;[90m# Steps.Homepagetest.i_click_on_the_shopping_category()&amp#27;[0m
  &amp#27;[32mAnd &amp#27;[0m&amp#27;[32mI click on Consumer Electronics&amp#27;[0m      &amp#27;[90m# Steps.Homepagetest.i_click_on_consumer_electronics()&amp#27;[0m
]]></system-out>
  </testcase>
  <testcase name="runScenario[&quot;Check Availability of Portable Speakers&quot;, &quot;PortableAudio Page :&quot;](4)" classname="Testrunner.Testrunner" time="14.498">
    <system-out><![CDATA[
@tag @tag1 @portable-audios
Scenario: Check Availability of Portable Speakers &amp#27;[90m# src/test/resources/PortableAudios.feature:7&amp#27;[0m
  &amp#27;[32mGiven &amp#27;[0m&amp#27;[32mI am on the Consumer Electronics page&amp#27;[0m     &amp#27;[90m# Steps.PortableAudios.i_am_on_the_consumer_electronics_page()&amp#27;[0m
  &amp#27;[32mWhen &amp#27;[0m&amp#27;[32mI click on Portable Audios&amp#27;[0m                 &amp#27;[90m# Steps.PortableAudios.i_click_on_portable_audios()&amp#27;[0m
  &amp#27;[32mWhen &amp#27;[0m&amp#27;[32mI click on Portable Speakers&amp#27;[0m               &amp#27;[90m# Steps.PortableAudios.i_click_on_portable_speakers()&amp#27;[0m
  &amp#27;[32mThen &amp#27;[0m&amp#27;[32mI should see a message&amp#27;[0m                     &amp#27;[90m# Steps.PortableAudios.i_should_see_a_message()&amp#27;[0m
]]></system-out>
  </testcase>
  <testcase name="runScenario[&quot;Compare Portable Devices&quot;, &quot;PortableDevicesPage :&quot;](5)" classname="Testrunner.Testrunner" time="19.249">
    <system-out><![CDATA[
@tag @tag1 @portable-devices
Scenario: Compare Portable Devices                                     &amp#27;[90m# src/test/resources/PortableDevices.feature:5&amp#27;[0m
  &amp#27;[32mGiven &amp#27;[0m&amp#27;[32mnavigate Consumer Electronics page&amp#27;[0m                             &amp#27;[90m# Steps.PortableDevices.navigate_consumer_electronics_page()&amp#27;[0m
  &amp#27;[32mWhen &amp#27;[0m&amp#27;[32mI click on Portable Devices&amp#27;[0m                                     &amp#27;[90m# Steps.PortableDevices.i_click_on_portable_devices()&amp#27;[0m
  &amp#27;[32mAnd &amp#27;[0m&amp#27;[32mI select a branded item,price range&amp#27;[0m                              &amp#27;[90m# Steps.PortableDevices.i_select_a_branded_item_price_range()&amp#27;[0m
  &amp#27;[32mAnd &amp#27;[0m&amp#27;[32mI select two items to compare and click comparebtn&amp#27;[0m               &amp#27;[90m# Steps.PortableDevices.i_select_two_items_to_compare_and_click_comparebtn()&amp#27;[0m
  &amp#27;[32mAnd &amp#27;[0m&amp#27;[32mI should be able to view the comparison results and close window&amp#27;[0m &amp#27;[90m# Steps.PortableDevices.i_should_be_able_to_view_the_comparison_results_and_close_window()&amp#27;[0m
]]></system-out>
  </testcase>
  <testcase name="runScenario[&quot;Navigate and interact with Printers page&quot;, &quot;Printers Page Functionality&quot;](6)" classname="Testrunner.Testrunner" time="9.676">
    <system-out><![CDATA[
Scenario: Navigate and interact with Printers page &amp#27;[90m# src/test/resources/Printers.feature:3&amp#27;[0m
  &amp#27;[32mGiven &amp#27;[0m&amp#27;[32mConsumer Electronics page&amp#27;[0m                  &amp#27;[90m# Steps.Printers.consumer_electronics_page()&amp#27;[0m
  &amp#27;[32mWhen &amp#27;[0m&amp#27;[32mI click on Printers&amp#27;[0m                         &amp#27;[90m# Steps.Printers.i_click_on_printers()&amp#27;[0m
  &amp#27;[32mAnd &amp#27;[0m&amp#27;[32mI click on the first product&amp#27;[0m                 &amp#27;[90m# Steps.Printers.i_click_on_the_first_product()&amp#27;[0m
  &amp#27;[32mAnd &amp#27;[0m&amp#27;[32mI click on the different images&amp#27;[0m              &amp#27;[90m# Steps.Printers.i_click_on_the_different_images()&amp#27;[0m
]]></system-out>
  </testcase>
  <testcase name="runScenario[&quot;Purchase Security Device&quot;, &quot;Purchasescuirity device test&quot;](7)" classname="Testrunner.Testrunner" time="32.665">
    <system-out><![CDATA[
Scenario: Purchase Security Device                              &amp#27;[90m# src/test/resources/Secuiritydevices.feature:3&amp#27;[0m
  &amp#27;[32mGiven &amp#27;[0m&amp#27;[32mI am on Consumer Electronics&amp#27;[0m                            &amp#27;[90m# Steps.Secuiritydevices.i_am_on_consumer_electronics()&amp#27;[0m
  &amp#27;[32mWhen &amp#27;[0m&amp#27;[32mI click on Security and Gadgets&amp#27;[0m                          &amp#27;[90m# Steps.Secuiritydevices.i_click_on_security_and_gadgets()&amp#27;[0m
  &amp#27;[32mAnd &amp#27;[0m&amp#27;[32mI click on Security Devices&amp#27;[0m                               &amp#27;[90m# Steps.Secuiritydevices.i_click_on_security_devices()&amp#27;[0m
  &amp#27;[32mAnd &amp#27;[0m&amp#27;[32mI sort the products by cheapest first&amp#27;[0m                     &amp#27;[90m# Steps.Secuiritydevices.i_sort_the_products_by_cheapest_first()&amp#27;[0m
  &amp#27;[32mAnd &amp#27;[0m&amp#27;[32mApplying filters&amp#27;[0m                                          &amp#27;[90m# Steps.Secuiritydevices.applying_filters()&amp#27;[0m
  &amp#27;[32mAnd &amp#27;[0m&amp#27;[32mI enter the pincode ,and click check&amp#27;[0m                      &amp#27;[90m# Steps.Secuiritydevices.i_enter_the_pincode_and_click_check()&amp#27;[0m
  &amp#27;[32mThen &amp#27;[0m&amp#27;[32mI should be able addtocart,proceed checkout and backhome&amp#27;[0m &amp#27;[90m# Steps.Secuiritydevices.i_should_be_able_addtocart_proceed_checkout_and_backhome()&amp#27;[0m
]]></system-out>
  </testcase>
</testsuite>