<?xml version="1.0" encoding="UTF-8"?>
<!-- Generated by org.testng.reporters.JUnitReportReporter -->
<testsuite hostname="DESKTOP-UAD17JU" failures="0" tests="7" name="Testrunner.Testrunner" time="91.201" errors="0" timestamp="2024-08-31T16:13:08 IST" skipped="0">
  <testcase classname="Testrunner.Testrunner" name="runScenario" time="9.972"/>
  <testcase classname="Testrunner.Testrunner" name="runScenario" time="15.632"/>
  <testcase classname="Testrunner.Testrunner" name="runScenario" time="2.222"/>
  <testcase classname="Testrunner.Testrunner" name="runScenario" time="15.451"/>
  <testcase classname="Testrunner.Testrunner" name="runScenario" time="9.716"/>
  <testcase classname="Testrunner.Testrunner" name="runScenario" time="27.929"/>
  <testcase classname="Testrunner.Testrunner" name="runScenario" time="10.279"/>
</testsuite> <!-- Testrunner.Testrunner -->
