<?xml version="1.0" encoding="UTF-8"?>
<!-- Generated by org.testng.reporters.JUnitReportReporter -->
<testsuite hostname="DESKTOP-UAD17JU" failures="0" tests="7" name="Testrunner.Testrunner" time="135.990" errors="0" timestamp="2024-08-30T22:12:01 IST" skipped="0">
  <testcase classname="Testrunner.Testrunner" name="runScenario" time="32.748"/>
  <testcase classname="Testrunner.Testrunner" name="runScenario" time="2.334"/>
  <testcase classname="Testrunner.Testrunner" name="runScenario" time="9.668"/>
  <testcase classname="Testrunner.Testrunner" name="runScenario" time="24.818"/>
  <testcase classname="Testrunner.Testrunner" name="runScenario" time="14.496"/>
  <testcase classname="Testrunner.Testrunner" name="runScenario" time="19.253"/>
  <testcase classname="Testrunner.Testrunner" name="runScenario" time="32.673"/>
</testsuite> <!-- Testrunner.Testrunner -->
